----------------------------------------
Report  : report_design_physical
          -utilization
Date    : Mon Mar 13 07:23:54 2017
Version : G-2012.06-ICC-SP2
--------------------------------------------------------------------------------
                            UTILIZATION INFORMATION
--------------------------------------------------------------------------------
BLOCKAGES SECTION
-----------------
BLK Type           Count  Area(um^2)   AreaOutsideCore(um^2)
                                                           BlockedSites(unit)
Hard Placement Blockage
                       0        0.00        0.00           0
Soft Placement Blockage
                       0        0.00        0.00           ---
Partial Placement Blockage
                       0        0.00        0.00           ---
Macro Cell             0        0.00        0.00           0
Pad Cell               0        0.00        0.00           0
Fixed Standard Cell
                     255      135.66        0.00           509
Hard Keepout Margin Derived
                       0        0.00        0.00           0
Soft Keepout Margin Derived
                       0        0.00        0.00           ---
Complete PNet        ---        0.00        0.00           0
Partial PNet         ---        0.00        0.00           ---
Voltage Area Guardband
                       0        0.00        0.00           0
Exclusive Movebound Guardband
                       0        0.00        0.00           ---
Hard Keepout Distance Blockage
                       0        0.00        0.00           0
Chimney Area         ---        0.00        0.00           0

CELL INSTANCE SECTION
---------------------

 Cell Instance Type       Count           Area
  Placed Cells             5844        9934.04
    Fixed Cells             255         135.66
    Soft Fixed Cells         40          95.76
  Unplaced Cells              0           0.00

UTILIZATION RATIOS
------------------
Chip area           : 16814.24
Core area           : 9934.04
  SiteRow area      : 9934.04
Cell/Core Ratio     : 98.6344%
Cell/Chip Ratio     : 58.2743%
(A) Logical cell sites (non-fixed) :          940
(B) Logical cell sites (fixed) :            0
(C) All blocked sites :          510
(D) Total core sites :        37346
Cell Utilization(non-fixed) = 2.55% (A) / (D - C)
                                              (940) / (37346 - 510)
Cell Utilization(non-fixed + fixed) = 2.55% (A + B) / (D - (C - B))
                                              (940 + 0) / (37346 - (510 - 0))
Blockage Percentage = 1.37% (C) / (D)
                                              (510) / (37346)

PNET OPTIONS INFORMATION
------------------------
Layer     Blockage MinWidth  MinHeight Via_additive    Density   DER minWidth
                                                                            DER minHeight
metal1    none        ---       ---    Via additive     ---         ---        ---
metal2    none        ---       ---    Via additive     ---         ---        ---
metal3    none        ---       ---    Via additive     ---         ---        ---
metal4    none        ---       ---    Via additive     ---         ---        ---
metal5    none        ---       ---    Via additive     ---         ---        ---
metal6    none        ---       ---    Via additive     ---         ---        ---
metal7    none        ---       ---    Via additive     ---         ---        ---
metal8    none        ---       ---    Via additive     ---         ---        ---
metal9    none        ---       ---    Via additive     ---         ---        ---
metal10   none        ---       ---    Via additive     ---         ---        ---
